- should output as a an single open/close p tag *** FAILED *** (StackSpec.scala:39)
  org.scalatest.TestFailedException: " <p/>" was not equal to "<p/>"
    at org.scalatest.matchers.Helper$.newTestFailedException(Matchers.scala:38)
    at org.scalatest.matchers.ShouldMatchers$ShouldMethodHelper$.shouldMatcher(ShouldMatchers.scala:825)
    at org.scalatest.matchers.ShouldMatchers$StringShouldWrapper.should(ShouldMatchers.scala:1019)
    at haml.AHamlSpec$$anonfun$2$$anonfun$apply$3$$anonfun$apply$4.apply(StackSpec.scala:39)
    at haml.AHamlSpec$$anonfun$2$$anonfun$apply$3$$anonfun$apply$4.apply(StackSpec.scala:39)
    at org.scalatest.Spec$class.runTest(Spec.scala:748)
    at haml.AHamlSpec.runTest(StackSpec.scala:27)
    at org.scalatest.Spec$$anonfun$org$scalatest$Spec$$runTestsInBranch$1.apply(Spec.scala:694)
    at org.scalatest.Spec$$anonfun$org$scalatest$Spec$$runTestsInBranch$1.apply(Spec.scala:678)
    at scala.List.foreach(List.scala:841)
    at org.scalatest.Spec$class.org$scalatest$Spec$$runTestsInBranch(Spec.scala:677)
    at org.scalatest.Spec$$anonfun$org$scalatest$Spec$$runTestsInBranch$1.apply(Spec.scala:698)
    at org.scalatest.Spec$$anonfun$org$scalatest$Spec$$runTestsInBranch$1.apply(Spec.scala:678)
    at scala.List.foreach(List.scala:841)
    at org.scalatest.Spec$class.org$scalatest$Spec$$runTestsInBranch(Spec.scala:677)
    at org.scalatest.Spec$$anonfun$org$scalatest$Spec$$runTestsInBranch$1.apply(Spec.scala:698)
    at org.scalatest.Spec$$anonfun$org$scalatest$Spec$$runTestsInBranch$1.apply(Spec.scala:678)
    at scala.List.foreach(List.scala:841)
    at org.scalatest.Spec$class.org$scalatest$Spec$$runTestsInBranch(Spec.scala:677)
    at org.scalatest.Spec$class.runTests(Spec.scala:865)
    at haml.AHamlSpec.runTests(StackSpec.scala:27)
    at org.scalatest.Suite$class.execute(Suite.scala:1372)
    at haml.AHamlSpec.execute(StackSpec.scala:27)
    at org.scalatest.tools.SuiteRunner.run(SuiteRunner.scala:55)
    at org.scalatest.tools.Runner$$anonfun$doRunRunRunADoRunRun$2.apply(Runner.scala:1056)
    at org.scalatest.tools.Runner$$anonfun$doRunRunRunADoRunRun$2.apply(Runner.scala:1053)
    at scala.List.foreach(List.scala:841)
    at org.scalatest.tools.Runner$.doRunRunRunADoRunRun(Runner.scala:1053)
    at org.scalatest.tools.Runner$$anonfun$main$2.apply(Runner.scala:437)
    at org.scalatest.tools.Runner$$anonfun$main$2.apply(Runner.scala:436)
    at org.scalatest.tools.Runner$.withClassLoaderAndDispatchReporter(Runner.scala:1105)
    at org.scalatest.tools.Runner$.main(Runner.scala:435)
    at org.scalatest.tools.Runner.main(Runner.scala)
    at org.scalatest.tools.ScalaTestTask.execute(ScalaTestTask.java:197)
    at org.apache.tools.ant.UnknownElement.execute(UnknownElement.java:288)
  - should output as a single open/close tag element *** FAILED *** (StackSpec.scala:45)
  org.scalatest.TestFailedException: " <tag/>" was not equal to "<tag/>"
    at org.scalatest.matchers.Helper$.newTestFailedException(Matchers.scala:38)
    at org.scalatest.matchers.ShouldMatchers$ShouldMethodHelper$.shouldMatcher(ShouldMatchers.scala:825)
    at org.scalatest.matchers.ShouldMatchers$StringShouldWrapper.should(ShouldMatchers.scala:1019)
    at haml.AHamlSpec$$anonfun$2$$anonfun$apply$5$$anonfun$apply$6.apply(StackSpec.scala:45)
    at haml.AHamlSpec$$anonfun$2$$anonfun$apply$5$$anonfun$apply$6.apply(StackSpec.scala:45)
    at org.scalatest.Spec$class.runTest(Spec.scala:748)
    at haml.AHamlSpec.runTest(StackSpec.scala:27)
    at org.scalatest.Spec$$anonfun$org$scalatest$Spec$$runTestsInBranch$1.apply(Spec.scala:694)
    at org.scalatest.Spec$$anonfun$org$scalatest$Spec$$runTestsInBranch$1.apply(Spec.scala:678)
    at scala.List.foreach(List.scala:841)
    at org.scalatest.Spec$class.org$scalatest$Spec$$runTestsInBranch(Spec.scala:677)
    at org.scalatest.Spec$$anonfun$org$scalatest$Spec$$runTestsInBranch$1.apply(Spec.scala:698)
    at org.scalatest.Spec$$anonfun$org$scalatest$Spec$$runTestsInBranch$1.apply(Spec.scala:678)
    at scala.List.foreach(List.scala:841)
    at org.scalatest.Spec$class.org$scalatest$Spec$$runTestsInBranch(Spec.scala:677)
    at org.scalatest.Spec$$anonfun$org$scalatest$Spec$$runTestsInBranch$1.apply(Spec.scala:698)
    at org.scalatest.Spec$$anonfun$org$scalatest$Spec$$runTestsInBranch$1.apply(Spec.scala:678)
    at scala.List.foreach(List.scala:841)
    at org.scalatest.Spec$class.org$scalatest$Spec$$runTestsInBranch(Spec.scala:677)
    at org.scalatest.Spec$class.runTests(Spec.scala:865)
    at haml.AHamlSpec.runTests(StackSpec.scala:27)
    at org.scalatest.Suite$class.execute(Suite.scala:1372)
    at haml.AHamlSpec.execute(StackSpec.scala:27)
    at org.scalatest.tools.SuiteRunner.run(SuiteRunner.scala:55)
    at org.scalatest.tools.Runner$$anonfun$doRunRunRunADoRunRun$2.apply(Runner.scala:1056)
    at org.scalatest.tools.Runner$$anonfun$doRunRunRunADoRunRun$2.apply(Runner.scala:1053)
    at scala.List.foreach(List.scala:841)
    at org.scalatest.tools.Runner$.doRunRunRunADoRunRun(Runner.scala:1053)
    at org.scalatest.tools.Runner$$anonfun$main$2.apply(Runner.scala:437)
    at org.scalatest.tools.Runner$$anonfun$main$2.apply(Runner.scala:436)
    at org.scalatest.tools.Runner$.withClassLoaderAndDispatchReporter(Runner.scala:1105)
    at org.scalatest.tools.Runner$.main(Runner.scala:435)
    at org.scalatest.tools.Runner.main(Runner.scala)
    at org.scalatest.tools.ScalaTestTask.execute(ScalaTestTask.java:197)
    at org.apache.tools.ant.UnknownElement.execute(UnknownElement.java:288)
  - should output as a open/close tag with the text inside it *** FAILED *** (StackSpec.scala:51)
  org.scalatest.TestFailedException: " <p>Hi there</p>" was not equal to "<p>Hi there</p>"
    at org.scalatest.matchers.Helper$.newTestFailedException(Matchers.scala:38)
    at org.scalatest.matchers.ShouldMatchers$ShouldMethodHelper$.shouldMatcher(ShouldMatchers.scala:825)
    at org.scalatest.matchers.ShouldMatchers$StringShouldWrapper.should(ShouldMatchers.scala:1019)
    at haml.AHamlSpec$$anonfun$2$$anonfun$apply$7$$anonfun$apply$8.apply(StackSpec.scala:51)
    at haml.AHamlSpec$$anonfun$2$$anonfun$apply$7$$anonfun$apply$8.apply(StackSpec.scala:51)
    at org.scalatest.Spec$class.runTest(Spec.scala:748)
    at haml.AHamlSpec.runTest(StackSpec.scala:27)
    at org.scalatest.Spec$$anonfun$org$scalatest$Spec$$runTestsInBranch$1.apply(Spec.scala:694)
    at org.scalatest.Spec$$anonfun$org$scalatest$Spec$$runTestsInBranch$1.apply(Spec.scala:678)
    at scala.List.foreach(List.scala:841)
    at org.scalatest.Spec$class.org$scalatest$Spec$$runTestsInBranch(Spec.scala:677)
    at org.scalatest.Spec$$anonfun$org$scalatest$Spec$$runTestsInBranch$1.apply(Spec.scala:698)
    at org.scalatest.Spec$$anonfun$org$scalatest$Spec$$runTestsInBranch$1.apply(Spec.scala:678)
    at scala.List.foreach(List.scala:841)
    at org.scalatest.Spec$class.org$scalatest$Spec$$runTestsInBranch(Spec.scala:677)
    at org.scalatest.Spec$$anonfun$org$scalatest$Spec$$runTestsInBranch$1.apply(Spec.scala:698)
    at org.scalatest.Spec$$anonfun$org$scalatest$Spec$$runTestsInBranch$1.apply(Spec.scala:678)
    at scala.List.foreach(List.scala:841)
    at org.scalatest.Spec$class.org$scalatest$Spec$$runTestsInBranch(Spec.scala:677)
    at org.scalatest.Spec$class.runTests(Spec.scala:865)
    at haml.AHamlSpec.runTests(StackSpec.scala:27)
    at org.scalatest.Suite$class.execute(Suite.scala:1372)
    at haml.AHamlSpec.execute(StackSpec.scala:27)
    at org.scalatest.tools.SuiteRunner.run(SuiteRunner.scala:55)
    at org.scalatest.tools.Runner$$anonfun$doRunRunRunADoRunRun$2.apply(Runner.scala:1056)
    at org.scalatest.tools.Runner$$anonfun$doRunRunRunADoRunRun$2.apply(Runner.scala:1053)
    at scala.List.foreach(List.scala:841)
    at org.scalatest.tools.Runner$.doRunRunRunADoRunRun(Runner.scala:1053)
    at org.scalatest.tools.Runner$$anonfun$main$2.apply(Runner.scala:437)
    at org.scalatest.tools.Runner$$anonfun$main$2.apply(Runner.scala:436)
    at org.scalatest.tools.Runner$.withClassLoaderAndDispatchReporter(Runner.scala:1105)
    at org.scalatest.tools.Runner$.main(Runner.scala:435)
    at org.scalatest.tools.Runner.main(Runner.scala)
    at org.scalatest.tools.ScalaTestTask.execute(ScalaTestTask.java:197)
    at org.apache.tools.ant.UnknownElement.execute(UnknownElement.java:288)
  - should indent the open/close tag
- should output as y element nested in an x *** FAILED ***
  scala.MatchError: 
  %x
    %y
  
    at haml.Template.render(HamlConversion.scala:25)
    at haml.AHamlSpec$$anonfun$2.renderHaml$1(StackSpec.scala:33)
    at haml.AHamlSpec$$anonfun$2$$anonfun$apply$11$$anonfun$apply$12.apply(StackSpec.scala:66)
    at haml.AHamlSpec$$anonfun$2$$anonfun$apply$11$$anonfun$apply$12.apply(StackSpec.scala:66)
    at org.scalatest.Spec$class.runTest(Spec.scala:748)
    at haml.AHamlSpec.runTest(StackSpec.scala:27)
    at org.scalatest.Spec$$anonfun$org$scalatest$Spec$$runTestsInBranch$1.apply(Spec.scala:694)
    at org.scalatest.Spec$$anonfun$org$scalatest$Spec$$runTestsInBranch$1.apply(Spec.scala:678)
    at scala.List.foreach(List.scala:841)
    at org.scalatest.Spec$class.org$scalatest$Spec$$runTestsInBranch(Spec.scala:677)
    at org.scalatest.Spec$$anonfun$org$scalatest$Spec$$runTestsInBranch$1.apply(Spec.scala:698)
    at org.scalatest.Spec$$anonfun$org$scalatest$Spec$$runTestsInBranch$1.apply(Spec.scala:678)
    at scala.List.foreach(List.scala:841)
    at org.scalatest.Spec$class.org$scalatest$Spec$$runTestsInBranch(Spec.scala:677)
    at org.scalatest.Spec$$anonfun$org$scalatest$Spec$$runTestsInBranch$1.apply(Spec.scala:698)
    at org.scalatest.Spec$$anonfun$org$scalatest$Spec$$runTestsInBranch$1.apply(Spec.scala:678)
    at scala.List.foreach(List.scala:841)
    at org.scalatest.Spec$class.org$scalatest$Spec$$runTestsInBranch(Spec.scala:677)
    at org.scalatest.Spec$class.runTests(Spec.scala:865)
    at haml.AHamlSpec.runTests(StackSpec.scala:27)
    at org.scalatest.Suite$class.execute(Suite.scala:1372)
    at haml.AHamlSpec.execute(StackSpec.scala:27)
    at org.scalatest.tools.SuiteRunner.run(SuiteRunner.scala:55)
    at org.scalatest.tools.Runner$$anonfun$doRunRunRunADoRunRun$2.apply(Runner.scala:1056)
    at org.scalatest.tools.Runner$$anonfun$doRunRunRunADoRunRun$2.apply(Runner.scala:1053)
    at scala.List.foreach(List.scala:841)
    at org.scalatest.tools.Runner$.doRunRunRunADoRunRun(Runner.scala:1053)
    at org.scalatest.tools.Runner$$anonfun$main$2.apply(Runner.scala:437)
    at org.scalatest.tools.Runner$$anonfun$main$2.apply(Runner.scala:436)
    at org.scalatest.tools.Runner$.withClassLoaderAndDispatchReporter(Runner.scala:1105)
    at org.scalatest.tools.Runner$.main(Runner.scala:435)
    at org.scalatest.tools.Runner.main(Runner.scala)
    at org.scalatest.tools.ScalaTestTask.execute(ScalaTestTask.java:197)
    at org.apache.tools.ant.UnknownElement.execute(UnknownElement.java:288)
  Run completed. Total number of tests run was: 5
*** 4 TESTS FAILED ***
